<?xml version="1.0" encoding="UTF-8"?>
<testsuite name="strings.ReverseStringTest" tests="1" skipped="0" failures="0" errors="0" timestamp="2020-02-23T13:04:30" hostname="LAPTOP-OSI1RABP" time="0.139">
  <properties/>
  <testcase name="reverseWords()" classname="strings.ReverseStringTest" time="0.139"/>
  <system-out><![CDATA[]]></system-out>
  <system-err><![CDATA[]]></system-err>
</testsuite>
