<?xml version="1.0" encoding="UTF-8"?>
<testsuite name="exercises.codresWarsExercises.BasicOpertionsTest" tests="1" skipped="0" failures="0" errors="0" timestamp="2020-01-30T14:54:42" hostname="LAPTOP-OSI1RABP" time="0.067">
  <properties/>
  <testcase name="shouldThrowExceptionWhenDivideByZero()" classname="exercises.codresWarsExercises.BasicOpertionsTest" time="0.067"/>
  <system-out><![CDATA[]]></system-out>
  <system-err><![CDATA[]]></system-err>
</testsuite>
